2025-09-23 11:04:13,582 - httpx - INFO - HTTP Request: POST https://api.telegram.org/bot8235005834:AAFLOXYxx39orwIWcr-p9R29kan_Grwk-Nk/getMe "HTTP/1.1 200 OK"
2025-09-23 11:04:13,669 - httpx - INFO - HTTP Request: POST https://api.telegram.org/bot8235005834:AAFLOXYxx39orwIWcr-p9R29kan_Grwk-Nk/deleteWebhook "HTTP/1.1 200 OK"
2025-09-23 11:04:13,672 - telegram.ext.Application - INFO - Application started
2025-09-23 11:04:24,027 - httpx - INFO - HTTP Request: POST https://api.telegram.org/bot8235005834:AAFLOXYxx39orwIWcr-p9R29kan_Grwk-Nk/getUpdates "HTTP/1.1 200 OK"
2025-09-23 11:04:34,167 - httpx - INFO - HTTP Request: POST https://api.telegram.org/bot8235005834:AAFLOXYxx39orwIWcr-p9R29kan_Grwk-Nk/getUpdates "HTTP/1.1 200 OK"
2025-09-23 11:04:44,297 - httpx - INFO - HTTP Request: POST https://api.telegram.org/bot8235005834:AAFLOXYxx39orwIWcr-p9R29kan_Grwk-Nk/getUpdates "HTTP/1.1 200 OK"
2025-09-23 11:04:54,436 - httpx - INFO - HTTP Request: POST https://api.telegram.org/bot8235005834:AAFLOXYxx39orwIWcr-p9R29kan_Grwk-Nk/getUpdates "HTTP/1.1 200 OK"
2025-09-23 11:05:04,512 - httpx - INFO - HTTP Request: POST https://api.telegram.org/bot8235005834:AAFLOXYxx39orwIWcr-p9R29kan_Grwk-Nk/getMe "HTTP/1.1 200 OK"
2025-09-23 11:05:04,602 - httpx - INFO - HTTP Request: POST https://api.telegram.org/bot8235005834:AAFLOXYxx39orwIWcr-p9R29kan_Grwk-Nk/deleteWebhook "HTTP/1.1 200 OK"
2025-09-23 11:05:04,604 - telegram.ext.Application - INFO - Application started
2025-09-23 11:05:08,507 - httpx - INFO - HTTP Request: POST https://api.telegram.org/bot8235005834:AAFLOXYxx39orwIWcr-p9R29kan_Grwk-Nk/getUpdates "HTTP/1.1 200 OK"
2025-09-23 11:05:08,730 - httpx - INFO - HTTP Request: POST https://api.telegram.org/bot8235005834:AAFLOXYxx39orwIWcr-p9R29kan_Grwk-Nk/sendMessage "HTTP/1.1 200 OK"
2025-09-23 11:05:14,287 - httpx - INFO - HTTP Request: POST https://api.telegram.org/bot8235005834:AAFLOXYxx39orwIWcr-p9R29kan_Grwk-Nk/getUpdates "HTTP/1.1 200 OK"
2025-09-23 11:05:14,688 - httpx - INFO - HTTP Request: POST https://api.telegram.org/bot8235005834:AAFLOXYxx39orwIWcr-p9R29kan_Grwk-Nk/sendMessage "HTTP/1.1 200 OK"
2025-09-23 11:05:16,241 - httpx - INFO - HTTP Request: POST https://api.telegram.org/bot8235005834:AAFLOXYxx39orwIWcr-p9R29kan_Grwk-Nk/getUpdates "HTTP/1.1 200 OK"
2025-09-23 11:05:16,460 - httpx - INFO - HTTP Request: POST https://api.telegram.org/bot8235005834:AAFLOXYxx39orwIWcr-p9R29kan_Grwk-Nk/sendMessage "HTTP/1.1 200 OK"
2025-09-23 11:05:26,325 - httpx - INFO - HTTP Request: POST https://api.telegram.org/bot8235005834:AAFLOXYxx39orwIWcr-p9R29kan_Grwk-Nk/getUpdates "HTTP/1.1 200 OK"
2025-09-23 11:05:36,412 - httpx - INFO - HTTP Request: POST https://api.telegram.org/bot8235005834:AAFLOXYxx39orwIWcr-p9R29kan_Grwk-Nk/getUpdates "HTTP/1.1 200 OK"
2025-09-23 11:05:46,565 - httpx - INFO - HTTP Request: POST https://api.telegram.org/bot8235005834:AAFLOXYxx39orwIWcr-p9R29kan_Grwk-Nk/getUpdates "HTTP/1.1 200 OK"
2025-09-23 11:05:56,699 - httpx - INFO - HTTP Request: POST https://api.telegram.org/bot8235005834:AAFLOXYxx39orwIWcr-p9R29kan_Grwk-Nk/getUpdates "HTTP/1.1 200 OK"
2025-09-23 11:06:06,783 - httpx - INFO - HTTP Request: POST https://api.telegram.org/bot8235005834:AAFLOXYxx39orwIWcr-p9R29kan_Grwk-Nk/getUpdates "HTTP/1.1 200 OK"
2025-09-23 11:06:16,872 - httpx - INFO - HTTP Request: POST https://api.telegram.org/bot8235005834:AAFLOXYxx39orwIWcr-p9R29kan_Grwk-Nk/getUpdates "HTTP/1.1 200 OK"
2025-09-23 11:06:27,104 - httpx - INFO - HTTP Request: POST https://api.telegram.org/bot8235005834:AAFLOXYxx39orwIWcr-p9R29kan_Grwk-Nk/getUpdates "HTTP/1.1 200 OK"
2025-09-23 11:06:37,187 - httpx - INFO - HTTP Request: POST https://api.telegram.org/bot8235005834:AAFLOXYxx39orwIWcr-p9R29kan_Grwk-Nk/getUpdates "HTTP/1.1 200 OK"
2025-09-23 11:06:47,386 - httpx - INFO - HTTP Request: POST https://api.telegram.org/bot8235005834:AAFLOXYxx39orwIWcr-p9R29kan_Grwk-Nk/getUpdates "HTTP/1.1 200 OK"
2025-09-23 11:06:57,518 - httpx - INFO - HTTP Request: POST https://api.telegram.org/bot8235005834:AAFLOXYxx39orwIWcr-p9R29kan_Grwk-Nk/getUpdates "HTTP/1.1 200 OK"
2025-09-23 11:07:07,656 - httpx - INFO - HTTP Request: POST https://api.telegram.org/bot8235005834:AAFLOXYxx39orwIWcr-p9R29kan_Grwk-Nk/getUpdates "HTTP/1.1 200 OK"
2025-09-23 11:07:17,799 - httpx - INFO - HTTP Request: POST https://api.telegram.org/bot8235005834:AAFLOXYxx39orwIWcr-p9R29kan_Grwk-Nk/getUpdates "HTTP/1.1 200 OK"
2025-09-23 11:07:28,094 - httpx - INFO - HTTP Request: POST https://api.telegram.org/bot8235005834:AAFLOXYxx39orwIWcr-p9R29kan_Grwk-Nk/getUpdates "HTTP/1.1 200 OK"
2025-09-23 11:07:38,259 - httpx - INFO - HTTP Request: POST https://api.telegram.org/bot8235005834:AAFLOXYxx39orwIWcr-p9R29kan_Grwk-Nk/getUpdates "HTTP/1.1 200 OK"
2025-09-23 11:07:48,419 - httpx - INFO - HTTP Request: POST https://api.telegram.org/bot8235005834:AAFLOXYxx39orwIWcr-p9R29kan_Grwk-Nk/getUpdates "HTTP/1.1 200 OK"
2025-09-23 11:07:58,525 - httpx - INFO - HTTP Request: POST https://api.telegram.org/bot8235005834:AAFLOXYxx39orwIWcr-p9R29kan_Grwk-Nk/getUpdates "HTTP/1.1 200 OK"
2025-09-23 11:08:08,611 - httpx - INFO - HTTP Request: POST https://api.telegram.org/bot8235005834:AAFLOXYxx39orwIWcr-p9R29kan_Grwk-Nk/getUpdates "HTTP/1.1 200 OK"
2025-09-23 11:08:18,828 - httpx - INFO - HTTP Request: POST https://api.telegram.org/bot8235005834:AAFLOXYxx39orwIWcr-p9R29kan_Grwk-Nk/getUpdates "HTTP/1.1 200 OK"
2025-09-23 11:08:28,927 - httpx - INFO - HTTP Request: POST https://api.telegram.org/bot8235005834:AAFLOXYxx39orwIWcr-p9R29kan_Grwk-Nk/getUpdates "HTTP/1.1 200 OK"
2025-09-23 11:08:39,085 - httpx - INFO - HTTP Request: POST https://api.telegram.org/bot8235005834:AAFLOXYxx39orwIWcr-p9R29kan_Grwk-Nk/getUpdates "HTTP/1.1 200 OK"
2025-09-23 11:08:49,173 - httpx - INFO - HTTP Request: POST https://api.telegram.org/bot8235005834:AAFLOXYxx39orwIWcr-p9R29kan_Grwk-Nk/getUpdates "HTTP/1.1 200 OK"
2025-09-23 11:08:59,257 - httpx - INFO - HTTP Request: POST https://api.telegram.org/bot8235005834:AAFLOXYxx39orwIWcr-p9R29kan_Grwk-Nk/getUpdates "HTTP/1.1 200 OK"
2025-09-23 11:09:09,407 - httpx - INFO - HTTP Request: POST https://api.telegram.org/bot8235005834:AAFLOXYxx39orwIWcr-p9R29kan_Grwk-Nk/getUpdates "HTTP/1.1 200 OK"
2025-09-23 11:09:19,491 - httpx - INFO - HTTP Request: POST https://api.telegram.org/bot8235005834:AAFLOXYxx39orwIWcr-p9R29kan_Grwk-Nk/getUpdates "HTTP/1.1 200 OK"
2025-09-23 11:09:29,681 - httpx - INFO - HTTP Request: POST https://api.telegram.org/bot8235005834:AAFLOXYxx39orwIWcr-p9R29kan_Grwk-Nk/getUpdates "HTTP/1.1 200 OK"
2025-09-23 11:09:39,825 - httpx - INFO - HTTP Request: POST https://api.telegram.org/bot8235005834:AAFLOXYxx39orwIWcr-p9R29kan_Grwk-Nk/getUpdates "HTTP/1.1 200 OK"
2025-09-23 11:09:49,954 - httpx - INFO - HTTP Request: POST https://api.telegram.org/bot8235005834:AAFLOXYxx39orwIWcr-p9R29kan_Grwk-Nk/getUpdates "HTTP/1.1 200 OK"
2025-09-23 11:10:00,098 - httpx - INFO - HTTP Request: POST https://api.telegram.org/bot8235005834:AAFLOXYxx39orwIWcr-p9R29kan_Grwk-Nk/getUpdates "HTTP/1.1 200 OK"
2025-09-23 11:10:10,233 - httpx - INFO - HTTP Request: POST https://api.telegram.org/bot8235005834:AAFLOXYxx39orwIWcr-p9R29kan_Grwk-Nk/getUpdates "HTTP/1.1 200 OK"
2025-09-23 11:10:20,368 - httpx - INFO - HTTP Request: POST https://api.telegram.org/bot8235005834:AAFLOXYxx39orwIWcr-p9R29kan_Grwk-Nk/getUpdates "HTTP/1.1 200 OK"
2025-09-23 11:10:30,512 - httpx - INFO - HTTP Request: POST https://api.telegram.org/bot8235005834:AAFLOXYxx39orwIWcr-p9R29kan_Grwk-Nk/getUpdates "HTTP/1.1 200 OK"
2025-09-23 11:10:40,644 - httpx - INFO - HTTP Request: POST https://api.telegram.org/bot8235005834:AAFLOXYxx39orwIWcr-p9R29kan_Grwk-Nk/getUpdates "HTTP/1.1 200 OK"
2025-09-23 11:10:50,778 - httpx - INFO - HTTP Request: POST https://api.telegram.org/bot8235005834:AAFLOXYxx39orwIWcr-p9R29kan_Grwk-Nk/getUpdates "HTTP/1.1 200 OK"
2025-09-23 11:11:00,929 - httpx - INFO - HTTP Request: POST https://api.telegram.org/bot8235005834:AAFLOXYxx39orwIWcr-p9R29kan_Grwk-Nk/getUpdates "HTTP/1.1 200 OK"
2025-09-23 11:11:11,064 - httpx - INFO - HTTP Request: POST https://api.telegram.org/bot8235005834:AAFLOXYxx39orwIWcr-p9R29kan_Grwk-Nk/getUpdates "HTTP/1.1 200 OK"
2025-09-23 11:12:45,691 - httpx - INFO - HTTP Request: POST https://api.telegram.org/bot8235005834:AAFLOXYxx39orwIWcr-p9R29kan_Grwk-Nk/getMe "HTTP/1.1 200 OK"
2025-09-23 11:12:45,780 - httpx - INFO - HTTP Request: POST https://api.telegram.org/bot8235005834:AAFLOXYxx39orwIWcr-p9R29kan_Grwk-Nk/deleteWebhook "HTTP/1.1 200 OK"
2025-09-23 11:12:45,782 - telegram.ext.Application - INFO - Application started
2025-09-23 11:12:49,253 - httpx - INFO - HTTP Request: POST https://api.telegram.org/bot8235005834:AAFLOXYxx39orwIWcr-p9R29kan_Grwk-Nk/getUpdates "HTTP/1.1 200 OK"
2025-09-23 11:12:49,363 - httpx - INFO - HTTP Request: POST https://api.telegram.org/bot8235005834:AAFLOXYxx39orwIWcr-p9R29kan_Grwk-Nk/sendMessage "HTTP/1.1 200 OK"
2025-09-23 11:12:50,517 - httpx - INFO - HTTP Request: POST https://api.telegram.org/bot8235005834:AAFLOXYxx39orwIWcr-p9R29kan_Grwk-Nk/getUpdates "HTTP/1.1 200 OK"
2025-09-23 11:12:50,685 - httpx - INFO - HTTP Request: POST https://api.telegram.org/bot8235005834:AAFLOXYxx39orwIWcr-p9R29kan_Grwk-Nk/sendMessage "HTTP/1.1 200 OK"
2025-09-23 11:12:51,733 - httpx - INFO - HTTP Request: POST https://api.telegram.org/bot8235005834:AAFLOXYxx39orwIWcr-p9R29kan_Grwk-Nk/getUpdates "HTTP/1.1 200 OK"
2025-09-23 11:12:52,199 - httpx - INFO - HTTP Request: POST https://api.telegram.org/bot8235005834:AAFLOXYxx39orwIWcr-p9R29kan_Grwk-Nk/sendPhoto "HTTP/1.1 200 OK"
2025-09-23 11:12:53,564 - httpx - INFO - HTTP Request: POST https://api.telegram.org/bot8235005834:AAFLOXYxx39orwIWcr-p9R29kan_Grwk-Nk/getUpdates "HTTP/1.1 200 OK"
2025-09-23 11:12:53,670 - httpx - INFO - HTTP Request: POST https://api.telegram.org/bot8235005834:AAFLOXYxx39orwIWcr-p9R29kan_Grwk-Nk/sendMessage "HTTP/1.1 200 OK"
2025-09-23 11:12:54,393 - httpx - INFO - HTTP Request: POST https://api.telegram.org/bot8235005834:AAFLOXYxx39orwIWcr-p9R29kan_Grwk-Nk/getUpdates "HTTP/1.1 200 OK"
2025-09-23 11:12:54,521 - httpx - INFO - HTTP Request: POST https://api.telegram.org/bot8235005834:AAFLOXYxx39orwIWcr-p9R29kan_Grwk-Nk/sendMessage "HTTP/1.1 200 OK"
2025-09-23 11:12:55,709 - httpx - INFO - HTTP Request: POST https://api.telegram.org/bot8235005834:AAFLOXYxx39orwIWcr-p9R29kan_Grwk-Nk/getUpdates "HTTP/1.1 200 OK"
2025-09-23 11:12:55,815 - httpx - INFO - HTTP Request: POST https://api.telegram.org/bot8235005834:AAFLOXYxx39orwIWcr-p9R29kan_Grwk-Nk/sendMessage "HTTP/1.1 200 OK"
2025-09-23 11:12:56,386 - httpx - INFO - HTTP Request: POST https://api.telegram.org/bot8235005834:AAFLOXYxx39orwIWcr-p9R29kan_Grwk-Nk/getUpdates "HTTP/1.1 200 OK"
2025-09-23 11:12:56,495 - httpx - INFO - HTTP Request: POST https://api.telegram.org/bot8235005834:AAFLOXYxx39orwIWcr-p9R29kan_Grwk-Nk/sendMessage "HTTP/1.1 200 OK"
2025-09-23 11:12:57,436 - httpx - INFO - HTTP Request: POST https://api.telegram.org/bot8235005834:AAFLOXYxx39orwIWcr-p9R29kan_Grwk-Nk/getUpdates "HTTP/1.1 200 OK"
2025-09-23 11:12:57,724 - httpx - INFO - HTTP Request: POST https://api.telegram.org/bot8235005834:AAFLOXYxx39orwIWcr-p9R29kan_Grwk-Nk/sendMessage "HTTP/1.1 200 OK"
2025-09-23 11:13:01,653 - httpx - INFO - HTTP Request: POST https://api.telegram.org/bot8235005834:AAFLOXYxx39orwIWcr-p9R29kan_Grwk-Nk/getUpdates "HTTP/1.1 200 OK"
2025-09-23 11:13:01,719 - telegram.ext.Application - ERROR - No error handlers are registered, logging exception.
Traceback (most recent call last):
  File "C:\Users\Professional\Documents\GitHub\telegram-bot4\my_telegram_bot\venv\Lib\site-packages\telegram\ext\_application.py", line 1195, in process_update
    await coroutine
  File "C:\Users\Professional\Documents\GitHub\telegram-bot4\my_telegram_bot\venv\Lib\site-packages\telegram\ext\_basehandler.py", line 153, in handle_update
    return await self.callback(update, context)
           ^^^^^^^^^^^^^^^^^^^^^^^^^^^^^^^^^^^^
  File "C:\Users\Professional\Documents\GitHub\telegram-bot4\my_telegram_bot\bot.py", line 57, in message_handler
    await support_ai.handle(update, context, main_menu)
  File "C:\Users\Professional\Documents\GitHub\telegram-bot4\my_telegram_bot\modules\support_ai.py", line 34, in handle
    save_ai_message(user_id, "user", text)
  File "C:\Users\Professional\Documents\GitHub\telegram-bot4\my_telegram_bot\utils\database.py", line 52, in save_ai_message
    cur.execute(
psycopg2.errors.InsufficientPrivilege: ОШИБКА:  нет доступа к таблице ai_chat

2025-09-23 11:13:11,811 - httpx - INFO - HTTP Request: POST https://api.telegram.org/bot8235005834:AAFLOXYxx39orwIWcr-p9R29kan_Grwk-Nk/getUpdates "HTTP/1.1 200 OK"
2025-09-23 11:13:17,785 - httpx - INFO - HTTP Request: POST https://api.telegram.org/bot8235005834:AAFLOXYxx39orwIWcr-p9R29kan_Grwk-Nk/getUpdates "HTTP/1.1 200 OK"
2025-09-23 11:13:17,948 - telegram.ext.Application - ERROR - No error handlers are registered, logging exception.
Traceback (most recent call last):
  File "C:\Users\Professional\Documents\GitHub\telegram-bot4\my_telegram_bot\venv\Lib\site-packages\telegram\ext\_application.py", line 1195, in process_update
    await coroutine
  File "C:\Users\Professional\Documents\GitHub\telegram-bot4\my_telegram_bot\venv\Lib\site-packages\telegram\ext\_basehandler.py", line 153, in handle_update
    return await self.callback(update, context)
           ^^^^^^^^^^^^^^^^^^^^^^^^^^^^^^^^^^^^
  File "C:\Users\Professional\Documents\GitHub\telegram-bot4\my_telegram_bot\bot.py", line 57, in message_handler
    await support_ai.handle(update, context, main_menu)
  File "C:\Users\Professional\Documents\GitHub\telegram-bot4\my_telegram_bot\modules\support_ai.py", line 34, in handle
    save_ai_message(user_id, "user", text)
  File "C:\Users\Professional\Documents\GitHub\telegram-bot4\my_telegram_bot\utils\database.py", line 52, in save_ai_message
    cur.execute(
psycopg2.errors.InsufficientPrivilege: ОШИБКА:  нет доступа к таблице ai_chat

2025-09-23 11:13:19,416 - httpx - INFO - HTTP Request: POST https://api.telegram.org/bot8235005834:AAFLOXYxx39orwIWcr-p9R29kan_Grwk-Nk/getUpdates "HTTP/1.1 200 OK"
2025-09-23 11:13:19,587 - telegram.ext.Application - ERROR - No error handlers are registered, logging exception.
Traceback (most recent call last):
  File "C:\Users\Professional\Documents\GitHub\telegram-bot4\my_telegram_bot\venv\Lib\site-packages\telegram\ext\_application.py", line 1195, in process_update
    await coroutine
  File "C:\Users\Professional\Documents\GitHub\telegram-bot4\my_telegram_bot\venv\Lib\site-packages\telegram\ext\_basehandler.py", line 153, in handle_update
    return await self.callback(update, context)
           ^^^^^^^^^^^^^^^^^^^^^^^^^^^^^^^^^^^^
  File "C:\Users\Professional\Documents\GitHub\telegram-bot4\my_telegram_bot\bot.py", line 57, in message_handler
    await support_ai.handle(update, context, main_menu)
  File "C:\Users\Professional\Documents\GitHub\telegram-bot4\my_telegram_bot\modules\support_ai.py", line 34, in handle
    save_ai_message(user_id, "user", text)
  File "C:\Users\Professional\Documents\GitHub\telegram-bot4\my_telegram_bot\utils\database.py", line 52, in save_ai_message
    cur.execute(
psycopg2.errors.InsufficientPrivilege: ОШИБКА:  нет доступа к таблице ai_chat

2025-09-23 11:13:19,671 - httpx - INFO - HTTP Request: POST https://api.telegram.org/bot8235005834:AAFLOXYxx39orwIWcr-p9R29kan_Grwk-Nk/getUpdates "HTTP/1.1 200 OK"
2025-09-23 11:13:19,735 - telegram.ext.Application - ERROR - No error handlers are registered, logging exception.
Traceback (most recent call last):
  File "C:\Users\Professional\Documents\GitHub\telegram-bot4\my_telegram_bot\venv\Lib\site-packages\telegram\ext\_application.py", line 1195, in process_update
    await coroutine
  File "C:\Users\Professional\Documents\GitHub\telegram-bot4\my_telegram_bot\venv\Lib\site-packages\telegram\ext\_basehandler.py", line 153, in handle_update
    return await self.callback(update, context)
           ^^^^^^^^^^^^^^^^^^^^^^^^^^^^^^^^^^^^
  File "C:\Users\Professional\Documents\GitHub\telegram-bot4\my_telegram_bot\bot.py", line 57, in message_handler
    await support_ai.handle(update, context, main_menu)
  File "C:\Users\Professional\Documents\GitHub\telegram-bot4\my_telegram_bot\modules\support_ai.py", line 34, in handle
    save_ai_message(user_id, "user", text)
  File "C:\Users\Professional\Documents\GitHub\telegram-bot4\my_telegram_bot\utils\database.py", line 52, in save_ai_message
    cur.execute(
psycopg2.errors.InsufficientPrivilege: ОШИБКА:  нет доступа к таблице ai_chat

2025-09-23 11:13:19,818 - httpx - INFO - HTTP Request: POST https://api.telegram.org/bot8235005834:AAFLOXYxx39orwIWcr-p9R29kan_Grwk-Nk/getUpdates "HTTP/1.1 200 OK"
2025-09-23 11:13:19,991 - telegram.ext.Application - ERROR - No error handlers are registered, logging exception.
Traceback (most recent call last):
  File "C:\Users\Professional\Documents\GitHub\telegram-bot4\my_telegram_bot\venv\Lib\site-packages\telegram\ext\_application.py", line 1195, in process_update
    await coroutine
  File "C:\Users\Professional\Documents\GitHub\telegram-bot4\my_telegram_bot\venv\Lib\site-packages\telegram\ext\_basehandler.py", line 153, in handle_update
    return await self.callback(update, context)
           ^^^^^^^^^^^^^^^^^^^^^^^^^^^^^^^^^^^^
  File "C:\Users\Professional\Documents\GitHub\telegram-bot4\my_telegram_bot\bot.py", line 57, in message_handler
    await support_ai.handle(update, context, main_menu)
  File "C:\Users\Professional\Documents\GitHub\telegram-bot4\my_telegram_bot\modules\support_ai.py", line 34, in handle
    save_ai_message(user_id, "user", text)
  File "C:\Users\Professional\Documents\GitHub\telegram-bot4\my_telegram_bot\utils\database.py", line 52, in save_ai_message
    cur.execute(
psycopg2.errors.InsufficientPrivilege: ОШИБКА:  нет доступа к таблице ai_chat

2025-09-23 11:13:20,168 - httpx - INFO - HTTP Request: POST https://api.telegram.org/bot8235005834:AAFLOXYxx39orwIWcr-p9R29kan_Grwk-Nk/getUpdates "HTTP/1.1 200 OK"
2025-09-23 11:13:20,342 - telegram.ext.Application - ERROR - No error handlers are registered, logging exception.
Traceback (most recent call last):
  File "C:\Users\Professional\Documents\GitHub\telegram-bot4\my_telegram_bot\venv\Lib\site-packages\telegram\ext\_application.py", line 1195, in process_update
    await coroutine
  File "C:\Users\Professional\Documents\GitHub\telegram-bot4\my_telegram_bot\venv\Lib\site-packages\telegram\ext\_basehandler.py", line 153, in handle_update
    return await self.callback(update, context)
           ^^^^^^^^^^^^^^^^^^^^^^^^^^^^^^^^^^^^
  File "C:\Users\Professional\Documents\GitHub\telegram-bot4\my_telegram_bot\bot.py", line 57, in message_handler
    await support_ai.handle(update, context, main_menu)
  File "C:\Users\Professional\Documents\GitHub\telegram-bot4\my_telegram_bot\modules\support_ai.py", line 34, in handle
    save_ai_message(user_id, "user", text)
  File "C:\Users\Professional\Documents\GitHub\telegram-bot4\my_telegram_bot\utils\database.py", line 52, in save_ai_message
    cur.execute(
psycopg2.errors.InsufficientPrivilege: ОШИБКА:  нет доступа к таблице ai_chat

2025-09-23 11:13:20,427 - httpx - INFO - HTTP Request: POST https://api.telegram.org/bot8235005834:AAFLOXYxx39orwIWcr-p9R29kan_Grwk-Nk/getUpdates "HTTP/1.1 200 OK"
2025-09-23 11:13:20,597 - telegram.ext.Application - ERROR - No error handlers are registered, logging exception.
Traceback (most recent call last):
  File "C:\Users\Professional\Documents\GitHub\telegram-bot4\my_telegram_bot\venv\Lib\site-packages\telegram\ext\_application.py", line 1195, in process_update
    await coroutine
  File "C:\Users\Professional\Documents\GitHub\telegram-bot4\my_telegram_bot\venv\Lib\site-packages\telegram\ext\_basehandler.py", line 153, in handle_update
    return await self.callback(update, context)
           ^^^^^^^^^^^^^^^^^^^^^^^^^^^^^^^^^^^^
  File "C:\Users\Professional\Documents\GitHub\telegram-bot4\my_telegram_bot\bot.py", line 57, in message_handler
    await support_ai.handle(update, context, main_menu)
  File "C:\Users\Professional\Documents\GitHub\telegram-bot4\my_telegram_bot\modules\support_ai.py", line 34, in handle
    save_ai_message(user_id, "user", text)
  File "C:\Users\Professional\Documents\GitHub\telegram-bot4\my_telegram_bot\utils\database.py", line 52, in save_ai_message
    cur.execute(
psycopg2.errors.InsufficientPrivilege: ОШИБКА:  нет доступа к таблице ai_chat

2025-09-23 11:13:20,692 - httpx - INFO - HTTP Request: POST https://api.telegram.org/bot8235005834:AAFLOXYxx39orwIWcr-p9R29kan_Grwk-Nk/getUpdates "HTTP/1.1 200 OK"
2025-09-23 11:13:20,748 - telegram.ext.Application - ERROR - No error handlers are registered, logging exception.
Traceback (most recent call last):
  File "C:\Users\Professional\Documents\GitHub\telegram-bot4\my_telegram_bot\venv\Lib\site-packages\telegram\ext\_application.py", line 1195, in process_update
    await coroutine
  File "C:\Users\Professional\Documents\GitHub\telegram-bot4\my_telegram_bot\venv\Lib\site-packages\telegram\ext\_basehandler.py", line 153, in handle_update
    return await self.callback(update, context)
           ^^^^^^^^^^^^^^^^^^^^^^^^^^^^^^^^^^^^
  File "C:\Users\Professional\Documents\GitHub\telegram-bot4\my_telegram_bot\bot.py", line 57, in message_handler
    await support_ai.handle(update, context, main_menu)
  File "C:\Users\Professional\Documents\GitHub\telegram-bot4\my_telegram_bot\modules\support_ai.py", line 34, in handle
    save_ai_message(user_id, "user", text)
  File "C:\Users\Professional\Documents\GitHub\telegram-bot4\my_telegram_bot\utils\database.py", line 52, in save_ai_message
    cur.execute(
psycopg2.errors.InsufficientPrivilege: ОШИБКА:  нет доступа к таблице ai_chat

2025-09-23 11:13:24,531 - httpx - INFO - HTTP Request: POST https://api.telegram.org/bot8235005834:AAFLOXYxx39orwIWcr-p9R29kan_Grwk-Nk/getUpdates "HTTP/1.1 200 OK"
2025-09-23 11:13:24,594 - telegram.ext.Application - ERROR - No error handlers are registered, logging exception.
Traceback (most recent call last):
  File "C:\Users\Professional\Documents\GitHub\telegram-bot4\my_telegram_bot\venv\Lib\site-packages\telegram\ext\_application.py", line 1195, in process_update
    await coroutine
  File "C:\Users\Professional\Documents\GitHub\telegram-bot4\my_telegram_bot\venv\Lib\site-packages\telegram\ext\_basehandler.py", line 153, in handle_update
    return await self.callback(update, context)
           ^^^^^^^^^^^^^^^^^^^^^^^^^^^^^^^^^^^^
  File "C:\Users\Professional\Documents\GitHub\telegram-bot4\my_telegram_bot\bot.py", line 57, in message_handler
    await support_ai.handle(update, context, main_menu)
  File "C:\Users\Professional\Documents\GitHub\telegram-bot4\my_telegram_bot\modules\support_ai.py", line 18, in handle
    rows = fetch_ai_history(user_id, limit=10)
           ^^^^^^^^^^^^^^^^^^^^^^^^^^^^^^^^^^^
  File "C:\Users\Professional\Documents\GitHub\telegram-bot4\my_telegram_bot\utils\database.py", line 68, in fetch_ai_history
    cur.execute(
psycopg2.errors.InsufficientPrivilege: ОШИБКА:  нет доступа к таблице ai_chat

2025-09-23 11:13:29,670 - httpx - INFO - HTTP Request: POST https://api.telegram.org/bot8235005834:AAFLOXYxx39orwIWcr-p9R29kan_Grwk-Nk/getUpdates "HTTP/1.1 200 OK"
2025-09-23 11:13:30,020 - httpx - INFO - HTTP Request: POST https://api.telegram.org/bot8235005834:AAFLOXYxx39orwIWcr-p9R29kan_Grwk-Nk/sendMessage "HTTP/1.1 200 OK"
2025-09-23 11:13:39,853 - httpx - INFO - HTTP Request: POST https://api.telegram.org/bot8235005834:AAFLOXYxx39orwIWcr-p9R29kan_Grwk-Nk/getUpdates "HTTP/1.1 200 OK"
2025-09-23 11:13:49,938 - httpx - INFO - HTTP Request: POST https://api.telegram.org/bot8235005834:AAFLOXYxx39orwIWcr-p9R29kan_Grwk-Nk/getUpdates "HTTP/1.1 200 OK"
2025-09-23 11:14:00,025 - httpx - INFO - HTTP Request: POST https://api.telegram.org/bot8235005834:AAFLOXYxx39orwIWcr-p9R29kan_Grwk-Nk/getUpdates "HTTP/1.1 200 OK"
2025-09-23 11:14:10,112 - httpx - INFO - HTTP Request: POST https://api.telegram.org/bot8235005834:AAFLOXYxx39orwIWcr-p9R29kan_Grwk-Nk/getUpdates "HTTP/1.1 200 OK"
2025-09-23 11:14:20,199 - httpx - INFO - HTTP Request: POST https://api.telegram.org/bot8235005834:AAFLOXYxx39orwIWcr-p9R29kan_Grwk-Nk/getUpdates "HTTP/1.1 200 OK"
2025-09-23 11:14:30,325 - httpx - INFO - HTTP Request: POST https://api.telegram.org/bot8235005834:AAFLOXYxx39orwIWcr-p9R29kan_Grwk-Nk/getUpdates "HTTP/1.1 200 OK"
2025-09-23 11:14:30,644 - httpx - INFO - HTTP Request: POST https://api.telegram.org/bot8235005834:AAFLOXYxx39orwIWcr-p9R29kan_Grwk-Nk/getUpdates "HTTP/1.1 200 OK"
2025-09-23 11:14:30,918 - httpx - INFO - HTTP Request: POST https://api.telegram.org/bot8235005834:AAFLOXYxx39orwIWcr-p9R29kan_Grwk-Nk/sendMessage "HTTP/1.1 200 OK"
2025-09-23 11:14:40,733 - httpx - INFO - HTTP Request: POST https://api.telegram.org/bot8235005834:AAFLOXYxx39orwIWcr-p9R29kan_Grwk-Nk/getUpdates "HTTP/1.1 200 OK"
2025-09-23 11:14:50,917 - httpx - INFO - HTTP Request: POST https://api.telegram.org/bot8235005834:AAFLOXYxx39orwIWcr-p9R29kan_Grwk-Nk/getUpdates "HTTP/1.1 200 OK"
2025-09-23 11:15:01,044 - httpx - INFO - HTTP Request: POST https://api.telegram.org/bot8235005834:AAFLOXYxx39orwIWcr-p9R29kan_Grwk-Nk/getUpdates "HTTP/1.1 200 OK"
2025-09-23 11:15:11,182 - httpx - INFO - HTTP Request: POST https://api.telegram.org/bot8235005834:AAFLOXYxx39orwIWcr-p9R29kan_Grwk-Nk/getUpdates "HTTP/1.1 200 OK"
2025-09-23 11:15:21,322 - httpx - INFO - HTTP Request: POST https://api.telegram.org/bot8235005834:AAFLOXYxx39orwIWcr-p9R29kan_Grwk-Nk/getUpdates "HTTP/1.1 200 OK"
2025-09-23 11:15:31,463 - httpx - INFO - HTTP Request: POST https://api.telegram.org/bot8235005834:AAFLOXYxx39orwIWcr-p9R29kan_Grwk-Nk/getUpdates "HTTP/1.1 200 OK"
2025-09-23 11:15:41,548 - httpx - INFO - HTTP Request: POST https://api.telegram.org/bot8235005834:AAFLOXYxx39orwIWcr-p9R29kan_Grwk-Nk/getUpdates "HTTP/1.1 200 OK"
2025-09-23 11:15:51,632 - httpx - INFO - HTTP Request: POST https://api.telegram.org/bot8235005834:AAFLOXYxx39orwIWcr-p9R29kan_Grwk-Nk/getUpdates "HTTP/1.1 200 OK"
2025-09-23 11:16:01,769 - httpx - INFO - HTTP Request: POST https://api.telegram.org/bot8235005834:AAFLOXYxx39orwIWcr-p9R29kan_Grwk-Nk/getUpdates "HTTP/1.1 200 OK"
2025-09-23 11:16:11,904 - httpx - INFO - HTTP Request: POST https://api.telegram.org/bot8235005834:AAFLOXYxx39orwIWcr-p9R29kan_Grwk-Nk/getUpdates "HTTP/1.1 200 OK"
2025-09-23 11:16:22,037 - httpx - INFO - HTTP Request: POST https://api.telegram.org/bot8235005834:AAFLOXYxx39orwIWcr-p9R29kan_Grwk-Nk/getUpdates "HTTP/1.1 200 OK"
2025-09-23 11:16:32,123 - httpx - INFO - HTTP Request: POST https://api.telegram.org/bot8235005834:AAFLOXYxx39orwIWcr-p9R29kan_Grwk-Nk/getUpdates "HTTP/1.1 200 OK"
2025-09-23 11:16:42,206 - httpx - INFO - HTTP Request: POST https://api.telegram.org/bot8235005834:AAFLOXYxx39orwIWcr-p9R29kan_Grwk-Nk/getUpdates "HTTP/1.1 200 OK"
2025-09-23 11:16:52,350 - httpx - INFO - HTTP Request: POST https://api.telegram.org/bot8235005834:AAFLOXYxx39orwIWcr-p9R29kan_Grwk-Nk/getUpdates "HTTP/1.1 200 OK"
2025-09-23 11:17:02,499 - httpx - INFO - HTTP Request: POST https://api.telegram.org/bot8235005834:AAFLOXYxx39orwIWcr-p9R29kan_Grwk-Nk/getUpdates "HTTP/1.1 200 OK"
2025-09-23 11:17:06,010 - httpx - INFO - HTTP Request: POST https://api.telegram.org/bot8235005834:AAFLOXYxx39orwIWcr-p9R29kan_Grwk-Nk/getUpdates "HTTP/1.1 200 OK"
2025-09-23 11:17:06,392 - httpx - INFO - HTTP Request: POST https://api.telegram.org/bot8235005834:AAFLOXYxx39orwIWcr-p9R29kan_Grwk-Nk/sendMessage "HTTP/1.1 200 OK"
2025-09-23 11:17:07,392 - httpx - INFO - HTTP Request: POST https://api.telegram.org/bot8235005834:AAFLOXYxx39orwIWcr-p9R29kan_Grwk-Nk/getUpdates "HTTP/1.1 200 OK"
2025-09-23 11:17:07,538 - httpx - INFO - HTTP Request: POST https://api.telegram.org/bot8235005834:AAFLOXYxx39orwIWcr-p9R29kan_Grwk-Nk/sendMessage "HTTP/1.1 200 OK"
2025-09-23 11:17:09,043 - httpx - INFO - HTTP Request: POST https://api.telegram.org/bot8235005834:AAFLOXYxx39orwIWcr-p9R29kan_Grwk-Nk/getUpdates "HTTP/1.1 200 OK"
2025-09-23 11:17:09,218 - httpx - INFO - HTTP Request: POST https://api.telegram.org/bot8235005834:AAFLOXYxx39orwIWcr-p9R29kan_Grwk-Nk/sendMessage "HTTP/1.1 200 OK"
2025-09-23 11:17:16,041 - httpx - INFO - HTTP Request: POST https://api.telegram.org/bot8235005834:AAFLOXYxx39orwIWcr-p9R29kan_Grwk-Nk/getMe "HTTP/1.1 200 OK"
2025-09-23 11:17:16,126 - httpx - INFO - HTTP Request: POST https://api.telegram.org/bot8235005834:AAFLOXYxx39orwIWcr-p9R29kan_Grwk-Nk/deleteWebhook "HTTP/1.1 200 OK"
2025-09-23 11:17:16,128 - telegram.ext.Application - INFO - Application started
2025-09-23 11:17:17,420 - httpx - INFO - HTTP Request: POST https://api.telegram.org/bot8235005834:AAFLOXYxx39orwIWcr-p9R29kan_Grwk-Nk/getUpdates "HTTP/1.1 200 OK"
2025-09-23 11:17:17,555 - httpx - INFO - HTTP Request: POST https://api.telegram.org/bot8235005834:AAFLOXYxx39orwIWcr-p9R29kan_Grwk-Nk/sendMessage "HTTP/1.1 200 OK"
2025-09-23 11:17:21,339 - httpx - INFO - HTTP Request: POST https://api.telegram.org/bot8235005834:AAFLOXYxx39orwIWcr-p9R29kan_Grwk-Nk/getUpdates "HTTP/1.1 200 OK"
2025-09-23 11:17:21,502 - telegram.ext.Application - ERROR - No error handlers are registered, logging exception.
Traceback (most recent call last):
  File "C:\Users\Professional\Documents\GitHub\telegram-bot4\my_telegram_bot\venv\Lib\site-packages\telegram\ext\_application.py", line 1195, in process_update
    await coroutine
  File "C:\Users\Professional\Documents\GitHub\telegram-bot4\my_telegram_bot\venv\Lib\site-packages\telegram\ext\_basehandler.py", line 153, in handle_update
    return await self.callback(update, context)
           ^^^^^^^^^^^^^^^^^^^^^^^^^^^^^^^^^^^^
  File "C:\Users\Professional\Documents\GitHub\telegram-bot4\my_telegram_bot\bot.py", line 57, in message_handler
    await support_ai.handle(update, context, main_menu)
  File "C:\Users\Professional\Documents\GitHub\telegram-bot4\my_telegram_bot\modules\support_ai.py", line 22, in handle
    save_ai_message(user_id, "user", text)
  File "C:\Users\Professional\Documents\GitHub\telegram-bot4\my_telegram_bot\utils\database.py", line 52, in save_ai_message
    cur.execute(
psycopg2.errors.InsufficientPrivilege: ОШИБКА:  нет доступа к таблице ai_chat

2025-09-23 11:17:31,589 - httpx - INFO - HTTP Request: POST https://api.telegram.org/bot8235005834:AAFLOXYxx39orwIWcr-p9R29kan_Grwk-Nk/getUpdates "HTTP/1.1 200 OK"
2025-09-23 11:17:41,718 - httpx - INFO - HTTP Request: POST https://api.telegram.org/bot8235005834:AAFLOXYxx39orwIWcr-p9R29kan_Grwk-Nk/getUpdates "HTTP/1.1 200 OK"
2025-09-23 11:17:51,844 - httpx - INFO - HTTP Request: POST https://api.telegram.org/bot8235005834:AAFLOXYxx39orwIWcr-p9R29kan_Grwk-Nk/getUpdates "HTTP/1.1 200 OK"
2025-09-23 11:18:01,988 - httpx - INFO - HTTP Request: POST https://api.telegram.org/bot8235005834:AAFLOXYxx39orwIWcr-p9R29kan_Grwk-Nk/getUpdates "HTTP/1.1 200 OK"
2025-09-23 11:18:12,127 - httpx - INFO - HTTP Request: POST https://api.telegram.org/bot8235005834:AAFLOXYxx39orwIWcr-p9R29kan_Grwk-Nk/getUpdates "HTTP/1.1 200 OK"
2025-09-23 11:18:22,261 - httpx - INFO - HTTP Request: POST https://api.telegram.org/bot8235005834:AAFLOXYxx39orwIWcr-p9R29kan_Grwk-Nk/getUpdates "HTTP/1.1 200 OK"
2025-09-23 11:18:32,406 - httpx - INFO - HTTP Request: POST https://api.telegram.org/bot8235005834:AAFLOXYxx39orwIWcr-p9R29kan_Grwk-Nk/getUpdates "HTTP/1.1 200 OK"
2025-09-23 11:18:42,532 - httpx - INFO - HTTP Request: POST https://api.telegram.org/bot8235005834:AAFLOXYxx39orwIWcr-p9R29kan_Grwk-Nk/getUpdates "HTTP/1.1 200 OK"
2025-09-23 11:18:52,616 - httpx - INFO - HTTP Request: POST https://api.telegram.org/bot8235005834:AAFLOXYxx39orwIWcr-p9R29kan_Grwk-Nk/getUpdates "HTTP/1.1 200 OK"
2025-09-23 11:19:02,810 - httpx - INFO - HTTP Request: POST https://api.telegram.org/bot8235005834:AAFLOXYxx39orwIWcr-p9R29kan_Grwk-Nk/getUpdates "HTTP/1.1 200 OK"
2025-09-23 11:19:12,953 - httpx - INFO - HTTP Request: POST https://api.telegram.org/bot8235005834:AAFLOXYxx39orwIWcr-p9R29kan_Grwk-Nk/getUpdates "HTTP/1.1 200 OK"
2025-09-23 11:19:23,040 - httpx - INFO - HTTP Request: POST https://api.telegram.org/bot8235005834:AAFLOXYxx39orwIWcr-p9R29kan_Grwk-Nk/getUpdates "HTTP/1.1 200 OK"
2025-09-23 11:19:33,218 - httpx - INFO - HTTP Request: POST https://api.telegram.org/bot8235005834:AAFLOXYxx39orwIWcr-p9R29kan_Grwk-Nk/getUpdates "HTTP/1.1 200 OK"
2025-09-23 11:19:43,366 - httpx - INFO - HTTP Request: POST https://api.telegram.org/bot8235005834:AAFLOXYxx39orwIWcr-p9R29kan_Grwk-Nk/getUpdates "HTTP/1.1 200 OK"
2025-09-23 11:19:53,500 - httpx - INFO - HTTP Request: POST https://api.telegram.org/bot8235005834:AAFLOXYxx39orwIWcr-p9R29kan_Grwk-Nk/getUpdates "HTTP/1.1 200 OK"
2025-09-23 11:20:03,643 - httpx - INFO - HTTP Request: POST https://api.telegram.org/bot8235005834:AAFLOXYxx39orwIWcr-p9R29kan_Grwk-Nk/getUpdates "HTTP/1.1 200 OK"
2025-09-23 11:20:13,772 - httpx - INFO - HTTP Request: POST https://api.telegram.org/bot8235005834:AAFLOXYxx39orwIWcr-p9R29kan_Grwk-Nk/getUpdates "HTTP/1.1 200 OK"
2025-09-23 11:21:28,798 - httpx - INFO - HTTP Request: POST https://api.telegram.org/bot8235005834:AAFLOXYxx39orwIWcr-p9R29kan_Grwk-Nk/getMe "HTTP/1.1 200 OK"
2025-09-23 11:21:28,887 - httpx - INFO - HTTP Request: POST https://api.telegram.org/bot8235005834:AAFLOXYxx39orwIWcr-p9R29kan_Grwk-Nk/deleteWebhook "HTTP/1.1 200 OK"
2025-09-23 11:21:28,889 - telegram.ext.Application - INFO - Application started
2025-09-23 11:21:36,174 - httpx - INFO - HTTP Request: POST https://api.telegram.org/bot8235005834:AAFLOXYxx39orwIWcr-p9R29kan_Grwk-Nk/getUpdates "HTTP/1.1 200 OK"
2025-09-23 11:21:36,457 - httpx - INFO - HTTP Request: POST https://api.telegram.org/bot8235005834:AAFLOXYxx39orwIWcr-p9R29kan_Grwk-Nk/sendMessage "HTTP/1.1 200 OK"
2025-09-23 11:21:37,222 - httpx - INFO - HTTP Request: POST https://api.telegram.org/bot8235005834:AAFLOXYxx39orwIWcr-p9R29kan_Grwk-Nk/getUpdates "HTTP/1.1 200 OK"
2025-09-23 11:21:37,330 - httpx - INFO - HTTP Request: POST https://api.telegram.org/bot8235005834:AAFLOXYxx39orwIWcr-p9R29kan_Grwk-Nk/sendMessage "HTTP/1.1 200 OK"
2025-09-23 11:21:40,294 - httpx - INFO - HTTP Request: POST https://api.telegram.org/bot8235005834:AAFLOXYxx39orwIWcr-p9R29kan_Grwk-Nk/getUpdates "HTTP/1.1 200 OK"
2025-09-23 11:21:40,454 - telegram.ext.Application - ERROR - No error handlers are registered, logging exception.
Traceback (most recent call last):
  File "C:\Users\Professional\Documents\GitHub\telegram-bot4\my_telegram_bot\venv\Lib\site-packages\telegram\ext\_application.py", line 1195, in process_update
    await coroutine
  File "C:\Users\Professional\Documents\GitHub\telegram-bot4\my_telegram_bot\venv\Lib\site-packages\telegram\ext\_basehandler.py", line 153, in handle_update
    return await self.callback(update, context)
           ^^^^^^^^^^^^^^^^^^^^^^^^^^^^^^^^^^^^
  File "C:\Users\Professional\Documents\GitHub\telegram-bot4\my_telegram_bot\bot.py", line 57, in message_handler
    await support_ai.handle(update, context, main_menu)
  File "C:\Users\Professional\Documents\GitHub\telegram-bot4\my_telegram_bot\modules\support_ai.py", line 22, in handle
    save_ai_message(user_id, "user", text)
  File "C:\Users\Professional\Documents\GitHub\telegram-bot4\my_telegram_bot\utils\database.py", line 52, in save_ai_message
    cur.execute(
psycopg2.errors.InsufficientPrivilege: ОШИБКА:  нет доступа к таблице ai_chat

2025-09-23 11:21:50,649 - httpx - INFO - HTTP Request: POST https://api.telegram.org/bot8235005834:AAFLOXYxx39orwIWcr-p9R29kan_Grwk-Nk/getUpdates "HTTP/1.1 200 OK"
2025-09-23 11:22:00,780 - httpx - INFO - HTTP Request: POST https://api.telegram.org/bot8235005834:AAFLOXYxx39orwIWcr-p9R29kan_Grwk-Nk/getUpdates "HTTP/1.1 200 OK"
2025-09-23 11:22:10,923 - httpx - INFO - HTTP Request: POST https://api.telegram.org/bot8235005834:AAFLOXYxx39orwIWcr-p9R29kan_Grwk-Nk/getUpdates "HTTP/1.1 200 OK"
2025-09-23 11:22:21,058 - httpx - INFO - HTTP Request: POST https://api.telegram.org/bot8235005834:AAFLOXYxx39orwIWcr-p9R29kan_Grwk-Nk/getUpdates "HTTP/1.1 200 OK"
2025-09-23 11:22:31,196 - httpx - INFO - HTTP Request: POST https://api.telegram.org/bot8235005834:AAFLOXYxx39orwIWcr-p9R29kan_Grwk-Nk/getUpdates "HTTP/1.1 200 OK"
2025-09-23 11:22:31,710 - httpx - INFO - HTTP Request: POST https://api.telegram.org/bot8235005834:AAFLOXYxx39orwIWcr-p9R29kan_Grwk-Nk/getUpdates "HTTP/1.1 200 OK"
2025-09-23 11:22:32,068 - httpx - INFO - HTTP Request: POST https://api.telegram.org/bot8235005834:AAFLOXYxx39orwIWcr-p9R29kan_Grwk-Nk/sendMessage "HTTP/1.1 200 OK"
2025-09-23 11:31:42,276 - httpx - INFO - HTTP Request: POST https://api.telegram.org/bot8235005834:AAFLOXYxx39orwIWcr-p9R29kan_Grwk-Nk/getMe "HTTP/1.1 200 OK"
2025-09-23 11:31:42,360 - httpx - INFO - HTTP Request: POST https://api.telegram.org/bot8235005834:AAFLOXYxx39orwIWcr-p9R29kan_Grwk-Nk/deleteWebhook "HTTP/1.1 200 OK"
2025-09-23 11:31:42,362 - telegram.ext.Application - INFO - Application started
2025-09-23 11:31:45,178 - httpx - INFO - HTTP Request: POST https://api.telegram.org/bot8235005834:AAFLOXYxx39orwIWcr-p9R29kan_Grwk-Nk/getUpdates "HTTP/1.1 200 OK"
2025-09-23 11:31:45,335 - httpx - INFO - HTTP Request: POST https://api.telegram.org/bot8235005834:AAFLOXYxx39orwIWcr-p9R29kan_Grwk-Nk/sendMessage "HTTP/1.1 200 OK"
2025-09-23 11:31:46,436 - httpx - INFO - HTTP Request: POST https://api.telegram.org/bot8235005834:AAFLOXYxx39orwIWcr-p9R29kan_Grwk-Nk/getUpdates "HTTP/1.1 200 OK"
2025-09-23 11:31:46,540 - httpx - INFO - HTTP Request: POST https://api.telegram.org/bot8235005834:AAFLOXYxx39orwIWcr-p9R29kan_Grwk-Nk/sendMessage "HTTP/1.1 200 OK"
2025-09-23 11:31:47,123 - httpx - INFO - HTTP Request: POST https://api.telegram.org/bot8235005834:AAFLOXYxx39orwIWcr-p9R29kan_Grwk-Nk/getUpdates "HTTP/1.1 200 OK"
2025-09-23 11:31:47,228 - httpx - INFO - HTTP Request: POST https://api.telegram.org/bot8235005834:AAFLOXYxx39orwIWcr-p9R29kan_Grwk-Nk/sendMessage "HTTP/1.1 200 OK"
2025-09-23 11:31:50,698 - httpx - INFO - HTTP Request: POST https://api.telegram.org/bot8235005834:AAFLOXYxx39orwIWcr-p9R29kan_Grwk-Nk/getUpdates "HTTP/1.1 200 OK"
2025-09-23 11:31:50,859 - telegram.ext.Application - ERROR - No error handlers are registered, logging exception.
Traceback (most recent call last):
  File "C:\Users\Professional\Documents\GitHub\telegram-bot4\my_telegram_bot\venv\Lib\site-packages\telegram\ext\_application.py", line 1195, in process_update
    await coroutine
  File "C:\Users\Professional\Documents\GitHub\telegram-bot4\my_telegram_bot\venv\Lib\site-packages\telegram\ext\_basehandler.py", line 153, in handle_update
    return await self.callback(update, context)
           ^^^^^^^^^^^^^^^^^^^^^^^^^^^^^^^^^^^^
  File "C:\Users\Professional\Documents\GitHub\telegram-bot4\my_telegram_bot\bot.py", line 57, in message_handler
    await support_ai.handle(update, context, main_menu)
  File "C:\Users\Professional\Documents\GitHub\telegram-bot4\my_telegram_bot\modules\support_ai.py", line 26, in handle
    save_ai_message(user_id, "user", text)
  File "C:\Users\Professional\Documents\GitHub\telegram-bot4\my_telegram_bot\utils\database.py", line 52, in save_ai_message
    cur.execute(
psycopg2.errors.InsufficientPrivilege: ОШИБКА:  нет доступа к таблице ai_chat

2025-09-23 11:32:01,039 - httpx - INFO - HTTP Request: POST https://api.telegram.org/bot8235005834:AAFLOXYxx39orwIWcr-p9R29kan_Grwk-Nk/getUpdates "HTTP/1.1 200 OK"
2025-09-23 11:32:11,175 - httpx - INFO - HTTP Request: POST https://api.telegram.org/bot8235005834:AAFLOXYxx39orwIWcr-p9R29kan_Grwk-Nk/getUpdates "HTTP/1.1 200 OK"
2025-09-23 11:32:21,259 - httpx - INFO - HTTP Request: POST https://api.telegram.org/bot8235005834:AAFLOXYxx39orwIWcr-p9R29kan_Grwk-Nk/getUpdates "HTTP/1.1 200 OK"
2025-09-23 11:32:31,463 - httpx - INFO - HTTP Request: POST https://api.telegram.org/bot8235005834:AAFLOXYxx39orwIWcr-p9R29kan_Grwk-Nk/getUpdates "HTTP/1.1 200 OK"
2025-09-23 11:32:41,546 - httpx - INFO - HTTP Request: POST https://api.telegram.org/bot8235005834:AAFLOXYxx39orwIWcr-p9R29kan_Grwk-Nk/getUpdates "HTTP/1.1 200 OK"
2025-09-23 11:32:51,728 - httpx - INFO - HTTP Request: POST https://api.telegram.org/bot8235005834:AAFLOXYxx39orwIWcr-p9R29kan_Grwk-Nk/getUpdates "HTTP/1.1 200 OK"
2025-09-23 11:33:01,875 - httpx - INFO - HTTP Request: POST https://api.telegram.org/bot8235005834:AAFLOXYxx39orwIWcr-p9R29kan_Grwk-Nk/getUpdates "HTTP/1.1 200 OK"
2025-09-23 11:33:12,001 - httpx - INFO - HTTP Request: POST https://api.telegram.org/bot8235005834:AAFLOXYxx39orwIWcr-p9R29kan_Grwk-Nk/getUpdates "HTTP/1.1 200 OK"
2025-09-23 11:33:22,156 - httpx - INFO - HTTP Request: POST https://api.telegram.org/bot8235005834:AAFLOXYxx39orwIWcr-p9R29kan_Grwk-Nk/getUpdates "HTTP/1.1 200 OK"
2025-09-23 11:33:32,278 - httpx - INFO - HTTP Request: POST https://api.telegram.org/bot8235005834:AAFLOXYxx39orwIWcr-p9R29kan_Grwk-Nk/getUpdates "HTTP/1.1 200 OK"
2025-09-23 11:33:42,424 - httpx - INFO - HTTP Request: POST https://api.telegram.org/bot8235005834:AAFLOXYxx39orwIWcr-p9R29kan_Grwk-Nk/getUpdates "HTTP/1.1 200 OK"
2025-09-23 11:33:52,507 - httpx - INFO - HTTP Request: POST https://api.telegram.org/bot8235005834:AAFLOXYxx39orwIWcr-p9R29kan_Grwk-Nk/getUpdates "HTTP/1.1 200 OK"
2025-09-23 11:34:02,592 - httpx - INFO - HTTP Request: POST https://api.telegram.org/bot8235005834:AAFLOXYxx39orwIWcr-p9R29kan_Grwk-Nk/getUpdates "HTTP/1.1 200 OK"
2025-09-23 11:34:12,683 - httpx - INFO - HTTP Request: POST https://api.telegram.org/bot8235005834:AAFLOXYxx39orwIWcr-p9R29kan_Grwk-Nk/getUpdates "HTTP/1.1 200 OK"
2025-09-23 11:34:22,766 - httpx - INFO - HTTP Request: POST https://api.telegram.org/bot8235005834:AAFLOXYxx39orwIWcr-p9R29kan_Grwk-Nk/getUpdates "HTTP/1.1 200 OK"
2025-09-23 11:34:32,860 - httpx - INFO - HTTP Request: POST https://api.telegram.org/bot8235005834:AAFLOXYxx39orwIWcr-p9R29kan_Grwk-Nk/getUpdates "HTTP/1.1 200 OK"
2025-09-23 11:34:43,034 - httpx - INFO - HTTP Request: POST https://api.telegram.org/bot8235005834:AAFLOXYxx39orwIWcr-p9R29kan_Grwk-Nk/getUpdates "HTTP/1.1 200 OK"
2025-09-23 11:35:13,451 - httpx - INFO - HTTP Request: POST https://api.telegram.org/bot8235005834:AAFLOXYxx39orwIWcr-p9R29kan_Grwk-Nk/getUpdates "HTTP/1.1 200 OK"
2025-09-23 11:35:23,536 - httpx - INFO - HTTP Request: POST https://api.telegram.org/bot8235005834:AAFLOXYxx39orwIWcr-p9R29kan_Grwk-Nk/getUpdates "HTTP/1.1 200 OK"
2025-09-23 11:35:33,620 - httpx - INFO - HTTP Request: POST https://api.telegram.org/bot8235005834:AAFLOXYxx39orwIWcr-p9R29kan_Grwk-Nk/getUpdates "HTTP/1.1 200 OK"
2025-09-23 11:35:43,711 - httpx - INFO - HTTP Request: POST https://api.telegram.org/bot8235005834:AAFLOXYxx39orwIWcr-p9R29kan_Grwk-Nk/getUpdates "HTTP/1.1 200 OK"
2025-09-23 11:35:53,811 - httpx - INFO - HTTP Request: POST https://api.telegram.org/bot8235005834:AAFLOXYxx39orwIWcr-p9R29kan_Grwk-Nk/getUpdates "HTTP/1.1 200 OK"
2025-09-23 11:36:03,941 - httpx - INFO - HTTP Request: POST https://api.telegram.org/bot8235005834:AAFLOXYxx39orwIWcr-p9R29kan_Grwk-Nk/getUpdates "HTTP/1.1 200 OK"
2025-09-23 11:36:14,075 - httpx - INFO - HTTP Request: POST https://api.telegram.org/bot8235005834:AAFLOXYxx39orwIWcr-p9R29kan_Grwk-Nk/getUpdates "HTTP/1.1 200 OK"
2025-09-23 11:36:24,211 - httpx - INFO - HTTP Request: POST https://api.telegram.org/bot8235005834:AAFLOXYxx39orwIWcr-p9R29kan_Grwk-Nk/getUpdates "HTTP/1.1 200 OK"
2025-09-23 11:36:34,300 - httpx - INFO - HTTP Request: POST https://api.telegram.org/bot8235005834:AAFLOXYxx39orwIWcr-p9R29kan_Grwk-Nk/getUpdates "HTTP/1.1 200 OK"
2025-09-23 11:36:44,499 - httpx - INFO - HTTP Request: POST https://api.telegram.org/bot8235005834:AAFLOXYxx39orwIWcr-p9R29kan_Grwk-Nk/getUpdates "HTTP/1.1 200 OK"
2025-09-23 11:36:54,585 - httpx - INFO - HTTP Request: POST https://api.telegram.org/bot8235005834:AAFLOXYxx39orwIWcr-p9R29kan_Grwk-Nk/getUpdates "HTTP/1.1 200 OK"
2025-09-23 11:37:04,671 - httpx - INFO - HTTP Request: POST https://api.telegram.org/bot8235005834:AAFLOXYxx39orwIWcr-p9R29kan_Grwk-Nk/getUpdates "HTTP/1.1 200 OK"
2025-09-23 11:37:14,790 - httpx - INFO - HTTP Request: POST https://api.telegram.org/bot8235005834:AAFLOXYxx39orwIWcr-p9R29kan_Grwk-Nk/getUpdates "HTTP/1.1 200 OK"
2025-09-23 11:37:24,928 - httpx - INFO - HTTP Request: POST https://api.telegram.org/bot8235005834:AAFLOXYxx39orwIWcr-p9R29kan_Grwk-Nk/getUpdates "HTTP/1.1 200 OK"
2025-09-23 11:37:35,068 - httpx - INFO - HTTP Request: POST https://api.telegram.org/bot8235005834:AAFLOXYxx39orwIWcr-p9R29kan_Grwk-Nk/getUpdates "HTTP/1.1 200 OK"
2025-09-23 11:37:45,152 - httpx - INFO - HTTP Request: POST https://api.telegram.org/bot8235005834:AAFLOXYxx39orwIWcr-p9R29kan_Grwk-Nk/getUpdates "HTTP/1.1 200 OK"
2025-09-23 11:37:55,245 - httpx - INFO - HTTP Request: POST https://api.telegram.org/bot8235005834:AAFLOXYxx39orwIWcr-p9R29kan_Grwk-Nk/getUpdates "HTTP/1.1 200 OK"
2025-09-23 11:38:05,388 - httpx - INFO - HTTP Request: POST https://api.telegram.org/bot8235005834:AAFLOXYxx39orwIWcr-p9R29kan_Grwk-Nk/getUpdates "HTTP/1.1 200 OK"
2025-09-23 11:38:15,510 - httpx - INFO - HTTP Request: POST https://api.telegram.org/bot8235005834:AAFLOXYxx39orwIWcr-p9R29kan_Grwk-Nk/getUpdates "HTTP/1.1 200 OK"
2025-09-23 11:38:25,600 - httpx - INFO - HTTP Request: POST https://api.telegram.org/bot8235005834:AAFLOXYxx39orwIWcr-p9R29kan_Grwk-Nk/getUpdates "HTTP/1.1 200 OK"
2025-09-23 11:38:35,798 - httpx - INFO - HTTP Request: POST https://api.telegram.org/bot8235005834:AAFLOXYxx39orwIWcr-p9R29kan_Grwk-Nk/getUpdates "HTTP/1.1 200 OK"
2025-09-23 11:38:45,884 - httpx - INFO - HTTP Request: POST https://api.telegram.org/bot8235005834:AAFLOXYxx39orwIWcr-p9R29kan_Grwk-Nk/getUpdates "HTTP/1.1 200 OK"
2025-09-23 11:38:55,968 - httpx - INFO - HTTP Request: POST https://api.telegram.org/bot8235005834:AAFLOXYxx39orwIWcr-p9R29kan_Grwk-Nk/getUpdates "HTTP/1.1 200 OK"
2025-09-23 11:39:06,099 - httpx - INFO - HTTP Request: POST https://api.telegram.org/bot8235005834:AAFLOXYxx39orwIWcr-p9R29kan_Grwk-Nk/getUpdates "HTTP/1.1 200 OK"
2025-09-23 11:39:16,198 - httpx - INFO - HTTP Request: POST https://api.telegram.org/bot8235005834:AAFLOXYxx39orwIWcr-p9R29kan_Grwk-Nk/getUpdates "HTTP/1.1 200 OK"
2025-09-23 11:39:26,287 - httpx - INFO - HTTP Request: POST https://api.telegram.org/bot8235005834:AAFLOXYxx39orwIWcr-p9R29kan_Grwk-Nk/getUpdates "HTTP/1.1 200 OK"
2025-09-23 11:39:36,374 - httpx - INFO - HTTP Request: POST https://api.telegram.org/bot8235005834:AAFLOXYxx39orwIWcr-p9R29kan_Grwk-Nk/getUpdates "HTTP/1.1 200 OK"
2025-09-23 11:39:46,549 - httpx - INFO - HTTP Request: POST https://api.telegram.org/bot8235005834:AAFLOXYxx39orwIWcr-p9R29kan_Grwk-Nk/getUpdates "HTTP/1.1 200 OK"
2025-09-23 11:39:56,681 - httpx - INFO - HTTP Request: POST https://api.telegram.org/bot8235005834:AAFLOXYxx39orwIWcr-p9R29kan_Grwk-Nk/getUpdates "HTTP/1.1 200 OK"
2025-09-23 11:40:06,765 - httpx - INFO - HTTP Request: POST https://api.telegram.org/bot8235005834:AAFLOXYxx39orwIWcr-p9R29kan_Grwk-Nk/getUpdates "HTTP/1.1 200 OK"
2025-09-23 11:40:16,851 - httpx - INFO - HTTP Request: POST https://api.telegram.org/bot8235005834:AAFLOXYxx39orwIWcr-p9R29kan_Grwk-Nk/getUpdates "HTTP/1.1 200 OK"
2025-09-23 11:40:27,005 - httpx - INFO - HTTP Request: POST https://api.telegram.org/bot8235005834:AAFLOXYxx39orwIWcr-p9R29kan_Grwk-Nk/getUpdates "HTTP/1.1 200 OK"
2025-09-23 11:40:37,088 - httpx - INFO - HTTP Request: POST https://api.telegram.org/bot8235005834:AAFLOXYxx39orwIWcr-p9R29kan_Grwk-Nk/getUpdates "HTTP/1.1 200 OK"
2025-09-23 11:40:47,271 - httpx - INFO - HTTP Request: POST https://api.telegram.org/bot8235005834:AAFLOXYxx39orwIWcr-p9R29kan_Grwk-Nk/getUpdates "HTTP/1.1 200 OK"
2025-09-23 11:40:57,356 - httpx - INFO - HTTP Request: POST https://api.telegram.org/bot8235005834:AAFLOXYxx39orwIWcr-p9R29kan_Grwk-Nk/getUpdates "HTTP/1.1 200 OK"
2025-09-23 11:41:07,543 - httpx - INFO - HTTP Request: POST https://api.telegram.org/bot8235005834:AAFLOXYxx39orwIWcr-p9R29kan_Grwk-Nk/getUpdates "HTTP/1.1 200 OK"
2025-09-23 11:41:17,629 - httpx - INFO - HTTP Request: POST https://api.telegram.org/bot8235005834:AAFLOXYxx39orwIWcr-p9R29kan_Grwk-Nk/getUpdates "HTTP/1.1 200 OK"
2025-09-23 11:41:27,814 - httpx - INFO - HTTP Request: POST https://api.telegram.org/bot8235005834:AAFLOXYxx39orwIWcr-p9R29kan_Grwk-Nk/getUpdates "HTTP/1.1 200 OK"
2025-09-23 11:41:37,898 - httpx - INFO - HTTP Request: POST https://api.telegram.org/bot8235005834:AAFLOXYxx39orwIWcr-p9R29kan_Grwk-Nk/getUpdates "HTTP/1.1 200 OK"
2025-09-23 11:41:47,989 - httpx - INFO - HTTP Request: POST https://api.telegram.org/bot8235005834:AAFLOXYxx39orwIWcr-p9R29kan_Grwk-Nk/getUpdates "HTTP/1.1 200 OK"
2025-09-23 11:41:58,076 - httpx - INFO - HTTP Request: POST https://api.telegram.org/bot8235005834:AAFLOXYxx39orwIWcr-p9R29kan_Grwk-Nk/getUpdates "HTTP/1.1 200 OK"
2025-09-23 11:42:08,173 - httpx - INFO - HTTP Request: POST https://api.telegram.org/bot8235005834:AAFLOXYxx39orwIWcr-p9R29kan_Grwk-Nk/getUpdates "HTTP/1.1 200 OK"
2025-09-23 11:42:18,311 - httpx - INFO - HTTP Request: POST https://api.telegram.org/bot8235005834:AAFLOXYxx39orwIWcr-p9R29kan_Grwk-Nk/getUpdates "HTTP/1.1 200 OK"
2025-09-23 11:42:28,440 - httpx - INFO - HTTP Request: POST https://api.telegram.org/bot8235005834:AAFLOXYxx39orwIWcr-p9R29kan_Grwk-Nk/getUpdates "HTTP/1.1 200 OK"
2025-09-23 11:42:38,576 - httpx - INFO - HTTP Request: POST https://api.telegram.org/bot8235005834:AAFLOXYxx39orwIWcr-p9R29kan_Grwk-Nk/getUpdates "HTTP/1.1 200 OK"
2025-09-23 11:42:46,018 - httpx - INFO - HTTP Request: POST https://api.telegram.org/bot8235005834:AAFLOXYxx39orwIWcr-p9R29kan_Grwk-Nk/getUpdates "HTTP/1.1 200 OK"
2025-09-23 11:42:46,090 - telegram.ext.Application - ERROR - No error handlers are registered, logging exception.
Traceback (most recent call last):
  File "C:\Users\Professional\Documents\GitHub\telegram-bot4\my_telegram_bot\venv\Lib\site-packages\telegram\ext\_application.py", line 1195, in process_update
    await coroutine
  File "C:\Users\Professional\Documents\GitHub\telegram-bot4\my_telegram_bot\venv\Lib\site-packages\telegram\ext\_basehandler.py", line 153, in handle_update
    return await self.callback(update, context)
           ^^^^^^^^^^^^^^^^^^^^^^^^^^^^^^^^^^^^
  File "C:\Users\Professional\Documents\GitHub\telegram-bot4\my_telegram_bot\bot.py", line 57, in message_handler
    await support_ai.handle(update, context, main_menu)
  File "C:\Users\Professional\Documents\GitHub\telegram-bot4\my_telegram_bot\modules\support_ai.py", line 26, in handle
    save_ai_message(user_id, "user", text)
  File "C:\Users\Professional\Documents\GitHub\telegram-bot4\my_telegram_bot\utils\database.py", line 52, in save_ai_message
    cur.execute(
psycopg2.errors.InsufficientPrivilege: ОШИБКА:  нет доступа к таблице ai_chat

2025-09-23 11:42:56,259 - httpx - INFO - HTTP Request: POST https://api.telegram.org/bot8235005834:AAFLOXYxx39orwIWcr-p9R29kan_Grwk-Nk/getUpdates "HTTP/1.1 200 OK"
2025-09-23 11:43:06,427 - httpx - INFO - HTTP Request: POST https://api.telegram.org/bot8235005834:AAFLOXYxx39orwIWcr-p9R29kan_Grwk-Nk/getUpdates "HTTP/1.1 200 OK"
2025-09-23 11:43:16,563 - httpx - INFO - HTTP Request: POST https://api.telegram.org/bot8235005834:AAFLOXYxx39orwIWcr-p9R29kan_Grwk-Nk/getUpdates "HTTP/1.1 200 OK"
2025-09-23 11:43:26,649 - httpx - INFO - HTTP Request: POST https://api.telegram.org/bot8235005834:AAFLOXYxx39orwIWcr-p9R29kan_Grwk-Nk/getUpdates "HTTP/1.1 200 OK"
2025-09-23 11:43:36,737 - httpx - INFO - HTTP Request: POST https://api.telegram.org/bot8235005834:AAFLOXYxx39orwIWcr-p9R29kan_Grwk-Nk/getUpdates "HTTP/1.1 200 OK"
2025-09-23 11:43:46,876 - httpx - INFO - HTTP Request: POST https://api.telegram.org/bot8235005834:AAFLOXYxx39orwIWcr-p9R29kan_Grwk-Nk/getUpdates "HTTP/1.1 200 OK"
2025-09-23 11:43:57,013 - httpx - INFO - HTTP Request: POST https://api.telegram.org/bot8235005834:AAFLOXYxx39orwIWcr-p9R29kan_Grwk-Nk/getUpdates "HTTP/1.1 200 OK"
2025-09-23 11:45:10,195 - httpx - INFO - HTTP Request: POST https://api.telegram.org/bot8235005834:AAFLOXYxx39orwIWcr-p9R29kan_Grwk-Nk/getMe "HTTP/1.1 200 OK"
2025-09-23 11:45:10,281 - httpx - INFO - HTTP Request: POST https://api.telegram.org/bot8235005834:AAFLOXYxx39orwIWcr-p9R29kan_Grwk-Nk/deleteWebhook "HTTP/1.1 200 OK"
2025-09-23 11:45:10,284 - telegram.ext.Application - INFO - Application started
2025-09-23 11:45:20,550 - httpx - INFO - HTTP Request: POST https://api.telegram.org/bot8235005834:AAFLOXYxx39orwIWcr-p9R29kan_Grwk-Nk/getUpdates "HTTP/1.1 200 OK"
2025-09-23 11:45:21,495 - httpx - INFO - HTTP Request: POST https://api.telegram.org/bot8235005834:AAFLOXYxx39orwIWcr-p9R29kan_Grwk-Nk/getUpdates "HTTP/1.1 200 OK"
2025-09-23 11:45:21,797 - httpx - INFO - HTTP Request: POST https://api.telegram.org/bot8235005834:AAFLOXYxx39orwIWcr-p9R29kan_Grwk-Nk/sendMessage "HTTP/1.1 200 OK"
2025-09-23 11:45:23,214 - httpx - INFO - HTTP Request: POST https://api.telegram.org/bot8235005834:AAFLOXYxx39orwIWcr-p9R29kan_Grwk-Nk/getUpdates "HTTP/1.1 200 OK"
2025-09-23 11:45:23,326 - httpx - INFO - HTTP Request: POST https://api.telegram.org/bot8235005834:AAFLOXYxx39orwIWcr-p9R29kan_Grwk-Nk/sendMessage "HTTP/1.1 200 OK"
2025-09-23 11:45:24,287 - httpx - INFO - HTTP Request: POST https://api.telegram.org/bot8235005834:AAFLOXYxx39orwIWcr-p9R29kan_Grwk-Nk/getUpdates "HTTP/1.1 200 OK"
2025-09-23 11:45:24,393 - httpx - INFO - HTTP Request: POST https://api.telegram.org/bot8235005834:AAFLOXYxx39orwIWcr-p9R29kan_Grwk-Nk/sendMessage "HTTP/1.1 200 OK"
2025-09-23 11:45:25,066 - httpx - INFO - HTTP Request: POST https://api.telegram.org/bot8235005834:AAFLOXYxx39orwIWcr-p9R29kan_Grwk-Nk/getUpdates "HTTP/1.1 200 OK"
2025-09-23 11:45:25,176 - httpx - INFO - HTTP Request: POST https://api.telegram.org/bot8235005834:AAFLOXYxx39orwIWcr-p9R29kan_Grwk-Nk/sendMessage "HTTP/1.1 200 OK"
2025-09-23 11:45:27,306 - httpx - INFO - HTTP Request: POST https://api.telegram.org/bot8235005834:AAFLOXYxx39orwIWcr-p9R29kan_Grwk-Nk/getUpdates "HTTP/1.1 200 OK"
2025-09-23 11:45:27,442 - httpx - INFO - HTTP Request: POST https://api.telegram.org/bot8235005834:AAFLOXYxx39orwIWcr-p9R29kan_Grwk-Nk/sendMessage "HTTP/1.1 200 OK"
2025-09-23 11:45:28,260 - httpx - INFO - HTTP Request: POST https://api.telegram.org/bot8235005834:AAFLOXYxx39orwIWcr-p9R29kan_Grwk-Nk/getUpdates "HTTP/1.1 200 OK"
2025-09-23 11:45:28,363 - httpx - INFO - HTTP Request: POST https://api.telegram.org/bot8235005834:AAFLOXYxx39orwIWcr-p9R29kan_Grwk-Nk/sendMessage "HTTP/1.1 200 OK"
2025-09-23 11:45:29,009 - httpx - INFO - HTTP Request: POST https://api.telegram.org/bot8235005834:AAFLOXYxx39orwIWcr-p9R29kan_Grwk-Nk/getUpdates "HTTP/1.1 200 OK"
2025-09-23 11:45:29,114 - httpx - INFO - HTTP Request: POST https://api.telegram.org/bot8235005834:AAFLOXYxx39orwIWcr-p9R29kan_Grwk-Nk/sendMessage "HTTP/1.1 200 OK"
2025-09-23 11:45:30,542 - httpx - INFO - HTTP Request: POST https://api.telegram.org/bot8235005834:AAFLOXYxx39orwIWcr-p9R29kan_Grwk-Nk/getUpdates "HTTP/1.1 200 OK"
2025-09-23 11:45:30,659 - httpx - INFO - HTTP Request: POST https://api.telegram.org/bot8235005834:AAFLOXYxx39orwIWcr-p9R29kan_Grwk-Nk/sendMessage "HTTP/1.1 200 OK"
2025-09-23 11:45:32,122 - httpx - INFO - HTTP Request: POST https://api.telegram.org/bot8235005834:AAFLOXYxx39orwIWcr-p9R29kan_Grwk-Nk/getUpdates "HTTP/1.1 200 OK"
2025-09-23 11:45:32,578 - httpx - INFO - HTTP Request: POST https://api.telegram.org/bot8235005834:AAFLOXYxx39orwIWcr-p9R29kan_Grwk-Nk/sendMessage "HTTP/1.1 200 OK"
2025-09-23 11:45:33,994 - httpx - INFO - HTTP Request: POST https://api.telegram.org/bot8235005834:AAFLOXYxx39orwIWcr-p9R29kan_Grwk-Nk/getUpdates "HTTP/1.1 200 OK"
2025-09-23 11:45:34,265 - httpx - INFO - HTTP Request: POST https://api.telegram.org/bot8235005834:AAFLOXYxx39orwIWcr-p9R29kan_Grwk-Nk/sendMessage "HTTP/1.1 200 OK"
2025-09-23 11:45:36,294 - httpx - INFO - HTTP Request: POST https://api.telegram.org/bot8235005834:AAFLOXYxx39orwIWcr-p9R29kan_Grwk-Nk/getUpdates "HTTP/1.1 200 OK"
2025-09-23 11:45:36,409 - httpx - INFO - HTTP Request: POST https://api.telegram.org/bot8235005834:AAFLOXYxx39orwIWcr-p9R29kan_Grwk-Nk/sendMessage "HTTP/1.1 200 OK"
2025-09-23 11:45:37,621 - httpx - INFO - HTTP Request: POST https://api.telegram.org/bot8235005834:AAFLOXYxx39orwIWcr-p9R29kan_Grwk-Nk/getUpdates "HTTP/1.1 200 OK"
2025-09-23 11:45:37,732 - httpx - INFO - HTTP Request: POST https://api.telegram.org/bot8235005834:AAFLOXYxx39orwIWcr-p9R29kan_Grwk-Nk/sendMessage "HTTP/1.1 200 OK"
2025-09-23 11:45:41,504 - httpx - INFO - HTTP Request: POST https://api.telegram.org/bot8235005834:AAFLOXYxx39orwIWcr-p9R29kan_Grwk-Nk/getUpdates "HTTP/1.1 200 OK"
2025-09-23 11:45:41,566 - telegram.ext.Application - ERROR - No error handlers are registered, logging exception.
Traceback (most recent call last):
  File "C:\Users\Professional\Documents\GitHub\telegram-bot4\my_telegram_bot\venv\Lib\site-packages\telegram\ext\_application.py", line 1195, in process_update
    await coroutine
  File "C:\Users\Professional\Documents\GitHub\telegram-bot4\my_telegram_bot\venv\Lib\site-packages\telegram\ext\_basehandler.py", line 153, in handle_update
    return await self.callback(update, context)
           ^^^^^^^^^^^^^^^^^^^^^^^^^^^^^^^^^^^^
  File "C:\Users\Professional\Documents\GitHub\telegram-bot4\my_telegram_bot\bot.py", line 57, in message_handler
    await support_ai.handle(update, context, main_menu)
  File "C:\Users\Professional\Documents\GitHub\telegram-bot4\my_telegram_bot\modules\support_ai.py", line 26, in handle
    save_ai_message(user_id, "user", text)
  File "C:\Users\Professional\Documents\GitHub\telegram-bot4\my_telegram_bot\utils\database.py", line 52, in save_ai_message
    cur.execute(
psycopg2.errors.InsufficientPrivilege: ОШИБКА:  нет доступа к таблице ai_chat

2025-09-23 11:45:51,705 - httpx - INFO - HTTP Request: POST https://api.telegram.org/bot8235005834:AAFLOXYxx39orwIWcr-p9R29kan_Grwk-Nk/getUpdates "HTTP/1.1 200 OK"
2025-09-23 11:46:01,838 - httpx - INFO - HTTP Request: POST https://api.telegram.org/bot8235005834:AAFLOXYxx39orwIWcr-p9R29kan_Grwk-Nk/getUpdates "HTTP/1.1 200 OK"
2025-09-23 11:46:11,984 - httpx - INFO - HTTP Request: POST https://api.telegram.org/bot8235005834:AAFLOXYxx39orwIWcr-p9R29kan_Grwk-Nk/getUpdates "HTTP/1.1 200 OK"
2025-09-23 11:46:22,121 - httpx - INFO - HTTP Request: POST https://api.telegram.org/bot8235005834:AAFLOXYxx39orwIWcr-p9R29kan_Grwk-Nk/getUpdates "HTTP/1.1 200 OK"
2025-09-23 11:46:32,207 - httpx - INFO - HTTP Request: POST https://api.telegram.org/bot8235005834:AAFLOXYxx39orwIWcr-p9R29kan_Grwk-Nk/getUpdates "HTTP/1.1 200 OK"
2025-09-23 11:46:42,293 - httpx - INFO - HTTP Request: POST https://api.telegram.org/bot8235005834:AAFLOXYxx39orwIWcr-p9R29kan_Grwk-Nk/getUpdates "HTTP/1.1 200 OK"
2025-09-23 11:46:52,425 - httpx - INFO - HTTP Request: POST https://api.telegram.org/bot8235005834:AAFLOXYxx39orwIWcr-p9R29kan_Grwk-Nk/getUpdates "HTTP/1.1 200 OK"
2025-09-23 11:47:02,569 - httpx - INFO - HTTP Request: POST https://api.telegram.org/bot8235005834:AAFLOXYxx39orwIWcr-p9R29kan_Grwk-Nk/getUpdates "HTTP/1.1 200 OK"
2025-09-23 11:47:12,701 - httpx - INFO - HTTP Request: POST https://api.telegram.org/bot8235005834:AAFLOXYxx39orwIWcr-p9R29kan_Grwk-Nk/getUpdates "HTTP/1.1 200 OK"
2025-09-23 11:47:22,788 - httpx - INFO - HTTP Request: POST https://api.telegram.org/bot8235005834:AAFLOXYxx39orwIWcr-p9R29kan_Grwk-Nk/getUpdates "HTTP/1.1 200 OK"
2025-09-23 11:47:32,972 - httpx - INFO - HTTP Request: POST https://api.telegram.org/bot8235005834:AAFLOXYxx39orwIWcr-p9R29kan_Grwk-Nk/getUpdates "HTTP/1.1 200 OK"
2025-09-23 11:47:43,114 - httpx - INFO - HTTP Request: POST https://api.telegram.org/bot8235005834:AAFLOXYxx39orwIWcr-p9R29kan_Grwk-Nk/getUpdates "HTTP/1.1 200 OK"
2025-09-23 11:47:53,252 - httpx - INFO - HTTP Request: POST https://api.telegram.org/bot8235005834:AAFLOXYxx39orwIWcr-p9R29kan_Grwk-Nk/getUpdates "HTTP/1.1 200 OK"
2025-09-23 11:48:03,338 - httpx - INFO - HTTP Request: POST https://api.telegram.org/bot8235005834:AAFLOXYxx39orwIWcr-p9R29kan_Grwk-Nk/getUpdates "HTTP/1.1 200 OK"
